#
# There is insufficient memory for the Java Runtime Environment to continue.
# Native memory allocation (mmap) failed to map 62914560 bytes for Failed to commit area from 0x00000000c4200000 to 0x00000000c7e00000 of length 62914560.
# Possible reasons:
#   The system is out of physical RAM or swap space
#   The process is running with CompressedOops enabled, and the Java Heap may be blocking the growth of the native heap
# Possible solutions:
#   Reduce memory load on the system
#   Increase physical memory or swap space
#   Check if swap backing store is full
#   Decrease Java heap size (-Xmx/-Xms)
#   Decrease number of Java threads
#   Decrease Java thread stack sizes (-Xss)
#   Set larger code cache with -XX:ReservedCodeCacheSize=
# This output file may be truncated or incomplete.
#
#  Out of Memory Error (./src/hotspot/os/windows/os_windows.cpp:3624), pid=4244, tid=9696
#
# JRE version:  (11.0.14.1+1) (build )
# Java VM: Dynamic Code Evolution 64-Bit Server VM (11.0.14.1+1-b1751.46, mixed mode, sharing, tiered, compressed oops, g1 gc, windows-amd64)
# No core dump will be written. Minidumps are not enabled by default on client versions of Windows
#

---------------  S U M M A R Y ------------

Command Line: git4idea.http.GitAskPassApp Username for 'https://github.com': 

Host: Intel(R) Core(TM) i3-5005U CPU @ 2.00GHz, 4 cores, 3G,  Windows 8.1 , 64 bit Build 9600 (6.3.9600.20172)
Time: Sat Apr 22 11:48:57 2023 Iran Daylight Time elapsed time: 0.014293 seconds (0d 0h 0m 0s)

---------------  T H R E A D  ---------------

Current thread (0x00000056c45ab000):  JavaThread "Unknown thread" [_thread_in_vm, id=9696, stack(0x00000056c3c50000,0x00000056c3d50000)]

Stack: [0x00000056c3c50000,0x00000056c3d50000]
Native frames: (J=compiled Java code, j=interpreted, Vv=VM code, C=native code)
V  [jvm.dll+0x621e6a]
V  [jvm.dll+0x7a8cc0]
V  [jvm.dll+0x7aa2dd]
V  [jvm.dll+0x7aa9b3]
V  [jvm.dll+0x2514c8]
V  [jvm.dll+0x61eee4]
V  [jvm.dll+0x613be5]
V  [jvm.dll+0x31102b]
V  [jvm.dll+0x310f9a]
V  [jvm.dll+0x310e72]
V  [jvm.dll+0x315dc6]
V  [jvm.dll+0x3611d3]
V  [jvm.dll+0x3618d6]
V  [jvm.dll+0x3612d3]
V  [jvm.dll+0x2ea578]
V  [jvm.dll+0x2eb717]
V  [jvm.dll+0x785b47]
V  [jvm.dll+0x78741c]
V  [jvm.dll+0x36e779]
V  [jvm.dll+0x76982e]
V  [jvm.dll+0x3dcdf3]
V  [jvm.dll+0x3df341]
C  [jli.dll+0x536b]
C  [ucrtbase.DLL+0x1f4a0]
C  [KERNEL32.DLL+0x13d2]
C  [ntdll.dll+0x154f4]


---------------  P R O C E S S  ---------------

Threads class SMR info:
_java_thread_list=0x00000056c23f0090, length=0, elements={
}

Java Threads: ( => current thread )

Other Threads:
  0x00000056c45c3800 GCTaskThread "GC Thread#0" [stack: 0x00000056c3f60000,0x00000056c4060000] [id=4572]
  0x00000056c45dc800 ConcurrentGCThread "G1 Main Marker" [stack: 0x00000056d9570000,0x00000056d9670000] [id=4924]
  0x00000056c45de000 ConcurrentGCThread "G1 Conc#0" [stack: 0x00000056d9670000,0x00000056d9770000] [id=5832]

[error occurred during error reporting (printing all threads), id 0xc0000005, EXCEPTION_ACCESS_VIOLATION (0xc0000005) at pc=0x00007ff8f00cb087]

VM state:not at safepoint (not fully initialized)

VM Mutex/Monitor currently owned by a thread:  ([mutex/lock_event])
[0x00000056c45a7dd0] Heap_lock - owner thread: 0x00000056c45ab000

Heap address: 0x00000000c4200000, size: 958 MB, Compressed Oops mode: Non-zero based: 0x00000000c4200000
Narrow klass base: 0x0000000000000000, Narrow klass shift: 0

GC Heap History (0 events):
No events

Deoptimization events (0 events):
No events

Classes redefined (0 events):
No events

Internal exceptions (0 events):
No events

Events (1 events):
Event: 0.009 Loaded shared library C:\Program Files\JetBrains\JetBrains Rider 2021.3.4\jbr\bin\zip.dll


Dynamic libraries:
0x00007ff6e4b20000 - 0x00007ff6e4b2a000 	C:\Program Files\JetBrains\JetBrains Rider 2021.3.4\jbr\bin\java.exe
0x00007ff9471e0000 - 0x00007ff94738d000 	C:\Windows\SYSTEM32\ntdll.dll
0x00007ff944860000 - 0x00007ff94499f000 	C:\Windows\system32\KERNEL32.DLL
0x00007ff9446e0000 - 0x00007ff9447f5000 	C:\Windows\system32\KERNELBASE.dll
0x00007ff92c2a0000 - 0x00007ff92c2b9000 	C:\Program Files\JetBrains\JetBrains Rider 2021.3.4\jbr\bin\jli.dll
0x00007ff927c30000 - 0x00007ff927c46000 	C:\Program Files\JetBrains\JetBrains Rider 2021.3.4\jbr\bin\VCRUNTIME140.dll
0x00007ff938940000 - 0x00007ff938944000 	C:\Windows\SYSTEM32\api-ms-win-crt-stdio-l1-1-0.dll
0x00007ff938970000 - 0x00007ff938974000 	C:\Windows\SYSTEM32\api-ms-win-crt-runtime-l1-1-0.dll
0x00007ff938950000 - 0x00007ff938953000 	C:\Windows\SYSTEM32\api-ms-win-crt-environment-l1-1-0.dll
0x00007ff938920000 - 0x00007ff938925000 	C:\Windows\SYSTEM32\api-ms-win-crt-math-l1-1-0.dll
0x00007ff938910000 - 0x00007ff938913000 	C:\Windows\SYSTEM32\api-ms-win-crt-locale-l1-1-0.dll
0x00007ff938960000 - 0x00007ff938963000 	C:\Windows\SYSTEM32\api-ms-win-crt-heap-l1-1-0.dll
0x00007ff940750000 - 0x00007ff9409cb000 	C:\Windows\WinSxS\amd64_microsoft.windows.common-controls_6595b64144ccf1df_6.0.9600.19394_none_62486577ecb635cf\COMCTL32.dll
0x00007ff944f50000 - 0x00007ff9450c7000 	C:\Windows\system32\USER32.dll
0x00007ff9388f0000 - 0x00007ff9388f3000 	C:\Windows\SYSTEM32\api-ms-win-crt-filesystem-l1-1-0.dll
0x00007ff938930000 - 0x00007ff938934000 	C:\Windows\SYSTEM32\api-ms-win-crt-string-l1-1-0.dll
0x00007ff9388d0000 - 0x00007ff9388d4000 	C:\Windows\SYSTEM32\api-ms-win-crt-convert-l1-1-0.dll
0x00007ff945140000 - 0x00007ff9451ea000 	C:\Windows\system32\msvcrt.dll
0x00007ff946bb0000 - 0x00007ff946cfe000 	C:\Windows\system32\GDI32.dll
0x00007ff9387c0000 - 0x00007ff9388b4000 	C:\Windows\SYSTEM32\ucrtbase.DLL
0x00007ff9471a0000 - 0x00007ff9471d6000 	C:\Windows\system32\IMM32.DLL
0x00007ff946ea0000 - 0x00007ff946ff1000 	C:\Windows\system32\MSCTF.dll
0x00007ff922f10000 - 0x00007ff922fba000 	C:\Program Files\JetBrains\JetBrains Rider 2021.3.4\jbr\bin\msvcp140.dll
0x00007ff933370000 - 0x00007ff933375000 	C:\Windows\SYSTEM32\api-ms-win-crt-multibyte-l1-1-0.dll
0x00007ff9388e0000 - 0x00007ff9388e3000 	C:\Windows\SYSTEM32\api-ms-win-crt-time-l1-1-0.dll
0x00007ff9388c0000 - 0x00007ff9388c3000 	C:\Windows\SYSTEM32\api-ms-win-crt-utility-l1-1-0.dll
0x00007ff8efdd0000 - 0x00007ff8f095a000 	C:\Program Files\JetBrains\JetBrains Rider 2021.3.4\jbr\bin\server\jvm.dll
0x00007ff944e80000 - 0x00007ff944f2a000 	C:\Windows\system32\ADVAPI32.dll
0x00007ff938a30000 - 0x00007ff938a39000 	C:\Windows\SYSTEM32\WSOCK32.dll
0x00007ff938a90000 - 0x00007ff938ab2000 	C:\Windows\SYSTEM32\WINMM.dll
0x00007ff941970000 - 0x00007ff94197a000 	C:\Windows\SYSTEM32\VERSION.dll
0x00007ff944b80000 - 0x00007ff944b87000 	C:\Windows\system32\PSAPI.DLL
0x00007ff9454e0000 - 0x00007ff945538000 	C:\Windows\SYSTEM32\sechost.dll
0x00007ff946a70000 - 0x00007ff946baa000 	C:\Windows\system32\RPCRT4.dll
0x00007ff9450d0000 - 0x00007ff94512a000 	C:\Windows\system32\WS2_32.dll
0x00007ff938a60000 - 0x00007ff938a8a000 	C:\Windows\SYSTEM32\WINMMBASE.dll
0x00007ff944450000 - 0x00007ff94447e000 	C:\Windows\system32\SspiCli.dll
0x00007ff944d50000 - 0x00007ff944d59000 	C:\Windows\system32\NSI.dll
0x00007ff944350000 - 0x00007ff94439f000 	C:\Windows\SYSTEM32\cfgmgr32.dll
0x00007ff942d90000 - 0x00007ff942db8000 	C:\Windows\SYSTEM32\DEVOBJ.dll
0x00007ff940490000 - 0x00007ff9404a1000 	C:\Program Files\JetBrains\JetBrains Rider 2021.3.4\jbr\bin\verify.dll
0x00007ff93bf80000 - 0x00007ff93c109000 	C:\Windows\SYSTEM32\DBGHELP.DLL
0x00007ff9337c0000 - 0x00007ff9337e9000 	C:\Program Files\JetBrains\JetBrains Rider 2021.3.4\jbr\bin\java.dll
0x00007ff939360000 - 0x00007ff93936b000 	C:\Program Files\JetBrains\JetBrains Rider 2021.3.4\jbr\bin\jimage.dll
0x00007ff92ab90000 - 0x00007ff92aba9000 	C:\Program Files\JetBrains\JetBrains Rider 2021.3.4\jbr\bin\zip.dll

dbghelp: loaded successfully - version: 4.0.5 - missing functions: none
symbol engine: initialized successfully - sym options: 0x614 - pdb path: .;C:\Program Files\JetBrains\JetBrains Rider 2021.3.4\jbr\bin;C:\Windows\SYSTEM32;C:\Windows\WinSxS\amd64_microsoft.windows.common-controls_6595b64144ccf1df_6.0.9600.19394_none_62486577ecb635cf;C:\Program Files\JetBrains\JetBrains Rider 2021.3.4\jbr\bin\server

VM Arguments:
java_command: git4idea.http.GitAskPassApp Username for 'https://github.com': 
java_class_path (initial): C:/Program Files/JetBrains/JetBrains Rider 2021.3.4/plugins/git4idea/lib/git4idea-rt.jar;C:/Program Files/JetBrains/JetBrains Rider 2021.3.4/lib/3rd-party.jar;C:/Program Files/JetBrains/JetBrains Rider 2021.3.4/lib/3rd-party-rt.jar
Launcher Type: SUN_STANDARD

[Global flags]
     intx CICompilerCount                          = 3                                         {product} {ergonomic}
     uint ConcGCThreads                            = 1                                         {product} {ergonomic}
     uint G1ConcRefinementThreads                  = 4                                         {product} {ergonomic}
   size_t G1HeapRegionSize                         = 1048576                                   {product} {ergonomic}
    uintx GCDrainStackTargetSize                   = 64                                        {product} {ergonomic}
   size_t InitialHeapSize                          = 62914560                                  {product} {ergonomic}
   size_t MarkStackSize                            = 4194304                                   {product} {ergonomic}
   size_t MaxHeapSize                              = 1004535808                                {product} {ergonomic}
   size_t MinHeapDeltaBytes                        = 1048576                                   {product} {ergonomic}
    uintx NonNMethodCodeHeapSize                   = 5830732                                {pd product} {ergonomic}
    uintx NonProfiledCodeHeapSize                  = 122913754                              {pd product} {ergonomic}
    uintx ProfiledCodeHeapSize                     = 122913754                              {pd product} {ergonomic}
    uintx ReservedCodeCacheSize                    = 251658240                              {pd product} {ergonomic}
     bool SegmentedCodeCache                       = true                                      {product} {ergonomic}
     bool UseCompressedClassPointers               = true                                 {lp64_product} {ergonomic}
     bool UseCompressedOops                        = true                                 {lp64_product} {ergonomic}
     bool UseG1GC                                  = true                                      {product} {ergonomic}
     bool UseLargePagesIndividualAllocation        = false                                  {pd product} {ergonomic}

Logging:
Log output configuration:
 #0: stdout all=warning uptime,level,tags
 #1: stderr all=off uptime,level,tags

Environment Variables:
PATH=C:/Program Files/Git/mingw64/libexec/git-core;C:/Program Files/Git/mingw64/libexec/git-core;C:\Program Files\Git\mingw64\bin;C:\Program Files\Git\usr\bin;C:\Users\PooyaPardaz_\bin;C:\Windows\system32;C:\Windows;C:\Windows\System32\Wbem;C:\Windows\System32\WindowsPowerShell\v1.0\;C:\Program Files (x86)\Toshiba\Bluetooth Toshiba Stack\sys\;C:\Program Files (x86)\Toshiba\Bluetooth Toshiba Stack\sys\x64\;C:\Windows\system32\wbem;C:\Program Files (x86)\IVT Corporation\BlueSoleil\Mobile;C:\Program Files\dotnet\;C:\Program Files\Git\cmd;C:\Users\PooyaPardaz_\AppData\Local\Programs\Python\Python310\Scripts\;C:\Users\PooyaPardaz_\AppData\Local\Programs\Python\Python310\;C:\Users\PooyaPardaz_\AppData\Local\Programs\Python\Launcher\;C:\Users\PooyaPardaz_\AppData\Local\Programs\Microsoft VS Code\bin;C:\Users\PooyaPardaz_\.dotnet\tools
USERNAME=PooyaPardaz_
DISPLAY=:0.0
LC_ALL=en_US.UTF-8
OS=Windows_NT
PROCESSOR_IDENTIFIER=Intel64 Family 6 Model 61 Stepping 4, GenuineIntel



---------------  S Y S T E M  ---------------

OS: Windows 8.1 , 64 bit Build 9600 (6.3.9600.20172)
OS uptime: 37 days 19:51 hours

CPU:total 4 (initial active 4) (2 cores per cpu, 2 threads per core) family 6 model 61 stepping 4 microcode 0x22, cmov, cx8, fxsr, mmx, sse, sse2, sse3, ssse3, sse4.1, sse4.2, popcnt, avx, avx2, aes, clmul, erms, 3dnowpref, lzcnt, ht, tsc, tscinvbit, bmi1, bmi2, adx, fma

Memory: 4k page, system-wide physical 3830M (520M free)
TotalPageFile size 6902M (AvailPageFile size 10M)
current process WorkingSet (physical memory assigned to process): 9M, peak: 9M
current process commit charge ("private bytes"): 51M, peak: 111M

vm_info: Dynamic Code Evolution 64-Bit Server VM (11.0.14.1+1-b1751.46) for windows-amd64 JRE (11.0.14.1+1-b1751.46), built on Feb 21 2022 14:51:12 by "" with MS VC++ 14.0 (VS2015)

END.
